2013/08/31 20:16:00 [error] [exception.CDbException] exception 'CDbException' with message 'CDbConnection failed to open the DB connection: could not find driver' in D:\Projects\Shared Resources\yii-1.1.14.f0fee9\framework\db\CDbConnection.php:382
Stack trace:
#0 D:\Projects\Shared Resources\yii-1.1.14.f0fee9\framework\db\CDbConnection.php(330): CDbConnection->open()
#1 D:\Projects\Shared Resources\yii-1.1.14.f0fee9\framework\db\CDbConnection.php(308): CDbConnection->setActive(true)
#2 D:\Projects\Shared Resources\yii-1.1.14.f0fee9\framework\base\CModule.php(387): CDbConnection->init()
#3 D:\Projects\Shared Resources\yii-1.1.14.f0fee9\framework\base\CModule.php(103): CModule->getComponent('db')
#4 D:\Projects\Shared Resources\yii-1.1.14.f0fee9\framework\gii\generators\model\ModelCode.php(60): CModule->__get('db')
#5 D:\Projects\Shared Resources\yii-1.1.14.f0fee9\framework\web\CFormModel.php(39): ModelCode->init()
#6 D:\Projects\Shared Resources\yii-1.1.14.f0fee9\framework\gii\CCodeGenerator.php(153): CFormModel->__construct()
#7 D:\Projects\Shared Resources\yii-1.1.14.f0fee9\framework\gii\CCodeGenerator.php(63): CCodeGenerator->prepare()
#8 D:\Projects\Shared Resources\yii-1.1.14.f0fee9\framework\web\actions\CInlineAction.php(49): CCodeGenerator->actionIndex()
#9 D:\Projects\Shared Resources\yii-1.1.14.f0fee9\framework\web\CController.php(308): CInlineAction->runWithParams(Array)
#10 D:\Projects\Shared Resources\yii-1.1.14.f0fee9\framework\web\CController.php(286): CController->runAction(Object(CInlineAction))
#11 D:\Projects\Shared Resources\yii-1.1.14.f0fee9\framework\web\CController.php(265): CController->runActionWithFilters(Object(CInlineAction), Array)
#12 D:\Projects\Shared Resources\yii-1.1.14.f0fee9\framework\web\CWebApplication.php(282): CController->run('index')
#13 D:\Projects\Shared Resources\yii-1.1.14.f0fee9\framework\web\CWebApplication.php(141): CWebApplication->runController('gii/model/index')
#14 D:\Projects\Shared Resources\yii-1.1.14.f0fee9\framework\base\CApplication.php(180): CWebApplication->processRequest()
#15 D:\Data Skripsi\Ervan\App\Service\index.php(13): CApplication->run()
#16 {main}
REQUEST_URI=/svc_polisi/index.php?r=gii/model/index
HTTP_REFERER=http://localhost/svc_polisi/index.php?r=gii/controller/index
---
2013/08/31 22:41:16 [error] [exception.CHttpException.400] exception 'CHttpException' with message 'Your request is invalid.' in D:\Projects\Shared Resources\yii-1.1.14.f0fee9\framework\web\CController.php:336
Stack trace:
#0 D:\Projects\Shared Resources\yii-1.1.14.f0fee9\framework\web\CController.php(309): CController->invalidActionParams(Object(CInlineAction))
#1 D:\Projects\Shared Resources\yii-1.1.14.f0fee9\framework\web\filters\CFilterChain.php(133): CController->runAction(Object(CInlineAction))
#2 D:\Projects\Shared Resources\yii-1.1.14.f0fee9\framework\web\filters\CFilter.php(40): CFilterChain->run()
#3 D:\Projects\Shared Resources\yii-1.1.14.f0fee9\framework\web\CController.php(1145): CFilter->filter(Object(CFilterChain))
#4 D:\Projects\Shared Resources\yii-1.1.14.f0fee9\framework\web\filters\CInlineFilter.php(58): CController->filterAccessControl(Object(CFilterChain))
#5 D:\Projects\Shared Resources\yii-1.1.14.f0fee9\framework\web\filters\CFilterChain.php(130): CInlineFilter->filter(Object(CFilterChain))
#6 D:\Projects\Shared Resources\yii-1.1.14.f0fee9\framework\web\CController.php(291): CFilterChain->run()
#7 D:\Projects\Shared Resources\yii-1.1.14.f0fee9\framework\web\CController.php(265): CController->runActionWithFilters(Object(CInlineAction), Array)
#8 D:\Projects\Shared Resources\yii-1.1.14.f0fee9\framework\web\CWebApplication.php(282): CController->run('login')
#9 D:\Projects\Shared Resources\yii-1.1.14.f0fee9\framework\web\CWebApplication.php(141): CWebApplication->runController('police/login')
#10 D:\Projects\Shared Resources\yii-1.1.14.f0fee9\framework\base\CApplication.php(180): CWebApplication->processRequest()
#11 D:\Data Skripsi\Ervan\App\Service\index.php(13): CApplication->run()
#12 {main}
REQUEST_URI=/svc_polisi/index.php/police/login/?user=bluespy
---
2013/09/01 03:16:07 [error] [system.db.CDbCommand] CDbCommand::execute() failed: SQLSTATE[22007]: Invalid datetime format: 1292 Incorrect datetime value: '9/1/2013 3:15:55 AM' for column 'IncidentTime' at row 1. The SQL statement executed was: INSERT INTO `t_incident` (`Culprit`, `Description`, `Id`, `IncidentTime`, `Latitude`, `Location`, `Longitude`, `LossValue`, `PoliceActivity`, `PoliceId`, `Type`, `Victim`) VALUES (:yp0, :yp1, :yp2, :yp3, :yp4, :yp5, :yp6, :yp7, :yp8, :yp9, :yp10, :yp11).
in D:\Data Skripsi\Ervan\App\Service\protected\controllers\IncidentController.php (68)
in D:\Data Skripsi\Ervan\App\Service\index.php (13)
2013/09/01 03:16:07 [error] [exception.CDbException] exception 'CDbException' with message 'CDbCommand failed to execute the SQL statement: SQLSTATE[22007]: Invalid datetime format: 1292 Incorrect datetime value: '9/1/2013 3:15:55 AM' for column 'IncidentTime' at row 1. The SQL statement executed was: INSERT INTO `t_incident` (`Culprit`, `Description`, `Id`, `IncidentTime`, `Latitude`, `Location`, `Longitude`, `LossValue`, `PoliceActivity`, `PoliceId`, `Type`, `Victim`) VALUES (:yp0, :yp1, :yp2, :yp3, :yp4, :yp5, :yp6, :yp7, :yp8, :yp9, :yp10, :yp11)' in D:\Projects\Shared Resources\yii-1.1.14.f0fee9\framework\db\CDbCommand.php:358
Stack trace:
#0 D:\Projects\Shared Resources\yii-1.1.14.f0fee9\framework\db\ar\CActiveRecord.php(1077): CDbCommand->execute()
#1 D:\Projects\Shared Resources\yii-1.1.14.f0fee9\framework\db\ar\CActiveRecord.php(806): CActiveRecord->insert(NULL)
#2 D:\Data Skripsi\Ervan\App\Service\protected\controllers\IncidentController.php(68): CActiveRecord->save()
#3 D:\Projects\Shared Resources\yii-1.1.14.f0fee9\framework\web\actions\CInlineAction.php(49): IncidentController->actionCreate()
#4 D:\Projects\Shared Resources\yii-1.1.14.f0fee9\framework\web\CController.php(308): CInlineAction->runWithParams(Array)
#5 D:\Projects\Shared Resources\yii-1.1.14.f0fee9\framework\web\filters\CFilterChain.php(133): CController->runAction(Object(CInlineAction))
#6 D:\Projects\Shared Resources\yii-1.1.14.f0fee9\framework\web\filters\CFilter.php(40): CFilterChain->run()
#7 D:\Projects\Shared Resources\yii-1.1.14.f0fee9\framework\web\CController.php(1145): CFilter->filter(Object(CFilterChain))
#8 D:\Projects\Shared Resources\yii-1.1.14.f0fee9\framework\web\filters\CInlineFilter.php(58): CController->filterAccessControl(Object(CFilterChain))
#9 D:\Projects\Shared Resources\yii-1.1.14.f0fee9\framework\web\filters\CFilterChain.php(130): CInlineFilter->filter(Object(CFilterChain))
#10 D:\Projects\Shared Resources\yii-1.1.14.f0fee9\framework\web\CController.php(291): CFilterChain->run()
#11 D:\Projects\Shared Resources\yii-1.1.14.f0fee9\framework\web\CController.php(265): CController->runActionWithFilters(Object(CInlineAction), Array)
#12 D:\Projects\Shared Resources\yii-1.1.14.f0fee9\framework\web\CWebApplication.php(282): CController->run('create')
#13 D:\Projects\Shared Resources\yii-1.1.14.f0fee9\framework\web\CWebApplication.php(141): CWebApplication->runController('incident/create')
#14 D:\Projects\Shared Resources\yii-1.1.14.f0fee9\framework\base\CApplication.php(180): CWebApplication->processRequest()
#15 D:\Data Skripsi\Ervan\App\Service\index.php(13): CApplication->run()
#16 {main}
REQUEST_URI=/svc_polisi/index.php/incident/create
---
2013/09/01 03:16:59 [error] [system.db.CDbCommand] CDbCommand::execute() failed: SQLSTATE[22007]: Invalid datetime format: 1292 Incorrect datetime value: '9/1/2013 3:16:41 AM' for column 'IncidentTime' at row 1. The SQL statement executed was: INSERT INTO `t_incident` (`Culprit`, `Description`, `Id`, `IncidentTime`, `Latitude`, `Location`, `Longitude`, `LossValue`, `PoliceActivity`, `PoliceId`, `Type`, `Victim`) VALUES (:yp0, :yp1, :yp2, :yp3, :yp4, :yp5, :yp6, :yp7, :yp8, :yp9, :yp10, :yp11).
in D:\Data Skripsi\Ervan\App\Service\protected\controllers\IncidentController.php (68)
in D:\Data Skripsi\Ervan\App\Service\index.php (13)
2013/09/01 03:16:59 [error] [exception.CDbException] exception 'CDbException' with message 'CDbCommand failed to execute the SQL statement: SQLSTATE[22007]: Invalid datetime format: 1292 Incorrect datetime value: '9/1/2013 3:16:41 AM' for column 'IncidentTime' at row 1. The SQL statement executed was: INSERT INTO `t_incident` (`Culprit`, `Description`, `Id`, `IncidentTime`, `Latitude`, `Location`, `Longitude`, `LossValue`, `PoliceActivity`, `PoliceId`, `Type`, `Victim`) VALUES (:yp0, :yp1, :yp2, :yp3, :yp4, :yp5, :yp6, :yp7, :yp8, :yp9, :yp10, :yp11)' in D:\Projects\Shared Resources\yii-1.1.14.f0fee9\framework\db\CDbCommand.php:358
Stack trace:
#0 D:\Projects\Shared Resources\yii-1.1.14.f0fee9\framework\db\ar\CActiveRecord.php(1077): CDbCommand->execute()
#1 D:\Projects\Shared Resources\yii-1.1.14.f0fee9\framework\db\ar\CActiveRecord.php(806): CActiveRecord->insert(NULL)
#2 D:\Data Skripsi\Ervan\App\Service\protected\controllers\IncidentController.php(68): CActiveRecord->save()
#3 D:\Projects\Shared Resources\yii-1.1.14.f0fee9\framework\web\actions\CInlineAction.php(49): IncidentController->actionCreate()
#4 D:\Projects\Shared Resources\yii-1.1.14.f0fee9\framework\web\CController.php(308): CInlineAction->runWithParams(Array)
#5 D:\Projects\Shared Resources\yii-1.1.14.f0fee9\framework\web\filters\CFilterChain.php(133): CController->runAction(Object(CInlineAction))
#6 D:\Projects\Shared Resources\yii-1.1.14.f0fee9\framework\web\filters\CFilter.php(40): CFilterChain->run()
#7 D:\Projects\Shared Resources\yii-1.1.14.f0fee9\framework\web\CController.php(1145): CFilter->filter(Object(CFilterChain))
#8 D:\Projects\Shared Resources\yii-1.1.14.f0fee9\framework\web\filters\CInlineFilter.php(58): CController->filterAccessControl(Object(CFilterChain))
#9 D:\Projects\Shared Resources\yii-1.1.14.f0fee9\framework\web\filters\CFilterChain.php(130): CInlineFilter->filter(Object(CFilterChain))
#10 D:\Projects\Shared Resources\yii-1.1.14.f0fee9\framework\web\CController.php(291): CFilterChain->run()
#11 D:\Projects\Shared Resources\yii-1.1.14.f0fee9\framework\web\CController.php(265): CController->runActionWithFilters(Object(CInlineAction), Array)
#12 D:\Projects\Shared Resources\yii-1.1.14.f0fee9\framework\web\CWebApplication.php(282): CController->run('create')
#13 D:\Projects\Shared Resources\yii-1.1.14.f0fee9\framework\web\CWebApplication.php(141): CWebApplication->runController('incident/create')
#14 D:\Projects\Shared Resources\yii-1.1.14.f0fee9\framework\base\CApplication.php(180): CWebApplication->processRequest()
#15 D:\Data Skripsi\Ervan\App\Service\index.php(13): CApplication->run()
#16 {main}
REQUEST_URI=/svc_polisi/index.php/incident/create
---
2013/09/01 04:20:53 [error] [php] Undefined variable: data (D:\Data Skripsi\Ervan\App\Service\protected\views\site\index.php:27)
Stack trace:
#0 D:\Projects\Shared Resources\yii-1.1.14.f0fee9\framework\web\CController.php(869): SiteController->renderFile()
#1 D:\Projects\Shared Resources\yii-1.1.14.f0fee9\framework\web\CController.php(782): SiteController->renderPartial()
#2 D:\Data Skripsi\Ervan\App\Service\protected\controllers\SiteController.php(29): SiteController->render()
#3 D:\Projects\Shared Resources\yii-1.1.14.f0fee9\framework\web\actions\CInlineAction.php(49): SiteController->actionIndex()
#4 D:\Projects\Shared Resources\yii-1.1.14.f0fee9\framework\web\CController.php(308): CInlineAction->runWithParams()
#5 D:\Projects\Shared Resources\yii-1.1.14.f0fee9\framework\web\CController.php(286): SiteController->runAction()
#6 D:\Projects\Shared Resources\yii-1.1.14.f0fee9\framework\web\CController.php(265): SiteController->runActionWithFilters()
#7 D:\Projects\Shared Resources\yii-1.1.14.f0fee9\framework\web\CWebApplication.php(282): SiteController->run()
#8 D:\Projects\Shared Resources\yii-1.1.14.f0fee9\framework\web\CWebApplication.php(141): CWebApplication->runController()
#9 D:\Projects\Shared Resources\yii-1.1.14.f0fee9\framework\base\CApplication.php(180): CWebApplication->processRequest()
#10 D:\Data Skripsi\Ervan\App\Service\index.php(13): CWebApplication->run()
REQUEST_URI=/svc_polisi/index.php/
in D:\Data Skripsi\Ervan\App\Service\protected\views\site\index.php (27)
in D:\Data Skripsi\Ervan\App\Service\protected\controllers\SiteController.php (29)
in D:\Data Skripsi\Ervan\App\Service\index.php (13)
2013/09/01 04:21:34 [error] [php] Undefined variable: model (D:\Data Skripsi\Ervan\App\Service\protected\views\site\index.php:27)
Stack trace:
#0 D:\Projects\Shared Resources\yii-1.1.14.f0fee9\framework\web\CController.php(869): SiteController->renderFile()
#1 D:\Projects\Shared Resources\yii-1.1.14.f0fee9\framework\web\CController.php(782): SiteController->renderPartial()
#2 D:\Data Skripsi\Ervan\App\Service\protected\controllers\SiteController.php(29): SiteController->render()
#3 D:\Projects\Shared Resources\yii-1.1.14.f0fee9\framework\web\actions\CInlineAction.php(49): SiteController->actionIndex()
#4 D:\Projects\Shared Resources\yii-1.1.14.f0fee9\framework\web\CController.php(308): CInlineAction->runWithParams()
#5 D:\Projects\Shared Resources\yii-1.1.14.f0fee9\framework\web\CController.php(286): SiteController->runAction()
#6 D:\Projects\Shared Resources\yii-1.1.14.f0fee9\framework\web\CController.php(265): SiteController->runActionWithFilters()
#7 D:\Projects\Shared Resources\yii-1.1.14.f0fee9\framework\web\CWebApplication.php(282): SiteController->run()
#8 D:\Projects\Shared Resources\yii-1.1.14.f0fee9\framework\web\CWebApplication.php(141): CWebApplication->runController()
#9 D:\Projects\Shared Resources\yii-1.1.14.f0fee9\framework\base\CApplication.php(180): CWebApplication->processRequest()
#10 D:\Data Skripsi\Ervan\App\Service\index.php(13): CWebApplication->run()
REQUEST_URI=/svc_polisi/index.php/
in D:\Data Skripsi\Ervan\App\Service\protected\views\site\index.php (27)
in D:\Data Skripsi\Ervan\App\Service\protected\controllers\SiteController.php (29)
in D:\Data Skripsi\Ervan\App\Service\index.php (13)
2013/09/01 05:20:47 [error] [php] Undefined index: BinaryFile (D:\Data Skripsi\Ervan\App\Service\protected\controllers\IncidentImageController.php:70)
Stack trace:
#0 D:\Projects\Shared Resources\yii-1.1.14.f0fee9\framework\web\filters\CFilterChain.php(133): IncidentImageController->runAction()
#1 D:\Projects\Shared Resources\yii-1.1.14.f0fee9\framework\web\filters\CFilter.php(40): CFilterChain->run()
#2 D:\Projects\Shared Resources\yii-1.1.14.f0fee9\framework\web\CController.php(1145): CAccessControlFilter->filter()
#3 D:\Projects\Shared Resources\yii-1.1.14.f0fee9\framework\web\filters\CInlineFilter.php(58): IncidentImageController->filterAccessControl()
#4 D:\Projects\Shared Resources\yii-1.1.14.f0fee9\framework\web\filters\CFilterChain.php(130): CInlineFilter->filter()
#5 D:\Projects\Shared Resources\yii-1.1.14.f0fee9\framework\web\CController.php(291): CFilterChain->run()
#6 D:\Projects\Shared Resources\yii-1.1.14.f0fee9\framework\web\CController.php(265): IncidentImageController->runActionWithFilters()
#7 D:\Projects\Shared Resources\yii-1.1.14.f0fee9\framework\web\CWebApplication.php(282): IncidentImageController->run()
#8 D:\Projects\Shared Resources\yii-1.1.14.f0fee9\framework\web\CWebApplication.php(141): CWebApplication->runController()
#9 D:\Projects\Shared Resources\yii-1.1.14.f0fee9\framework\base\CApplication.php(180): CWebApplication->processRequest()
#10 D:\Data Skripsi\Ervan\App\Service\index.php(13): CWebApplication->run()
REQUEST_URI=/svc_polisi/index.php/incidentimage/create
in D:\Data Skripsi\Ervan\App\Service\protected\controllers\IncidentImageController.php (70)
in D:\Data Skripsi\Ervan\App\Service\index.php (13)
2013/09/01 05:22:00 [error] [php] Undefined index: BinaryFile (D:\Data Skripsi\Ervan\App\Service\protected\controllers\IncidentImageController.php:70)
Stack trace:
#0 D:\Projects\Shared Resources\yii-1.1.14.f0fee9\framework\web\filters\CFilterChain.php(133): IncidentImageController->runAction()
#1 D:\Projects\Shared Resources\yii-1.1.14.f0fee9\framework\web\filters\CFilter.php(40): CFilterChain->run()
#2 D:\Projects\Shared Resources\yii-1.1.14.f0fee9\framework\web\CController.php(1145): CAccessControlFilter->filter()
#3 D:\Projects\Shared Resources\yii-1.1.14.f0fee9\framework\web\filters\CInlineFilter.php(58): IncidentImageController->filterAccessControl()
#4 D:\Projects\Shared Resources\yii-1.1.14.f0fee9\framework\web\filters\CFilterChain.php(130): CInlineFilter->filter()
#5 D:\Projects\Shared Resources\yii-1.1.14.f0fee9\framework\web\CController.php(291): CFilterChain->run()
#6 D:\Projects\Shared Resources\yii-1.1.14.f0fee9\framework\web\CController.php(265): IncidentImageController->runActionWithFilters()
#7 D:\Projects\Shared Resources\yii-1.1.14.f0fee9\framework\web\CWebApplication.php(282): IncidentImageController->run()
#8 D:\Projects\Shared Resources\yii-1.1.14.f0fee9\framework\web\CWebApplication.php(141): CWebApplication->runController()
#9 D:\Projects\Shared Resources\yii-1.1.14.f0fee9\framework\base\CApplication.php(180): CWebApplication->processRequest()
#10 D:\Data Skripsi\Ervan\App\Service\index.php(13): CWebApplication->run()
REQUEST_URI=/svc_polisi/index.php/incidentimage/create
in D:\Data Skripsi\Ervan\App\Service\protected\controllers\IncidentImageController.php (70)
in D:\Data Skripsi\Ervan\App\Service\index.php (13)
2013/09/01 05:27:51 [error] [php] Undefined index: BinaryFile (D:\Data Skripsi\Ervan\App\Service\protected\controllers\IncidentImageController.php:70)
Stack trace:
#0 D:\Projects\Shared Resources\yii-1.1.14.f0fee9\framework\web\filters\CFilterChain.php(133): IncidentImageController->runAction()
#1 D:\Projects\Shared Resources\yii-1.1.14.f0fee9\framework\web\filters\CFilter.php(40): CFilterChain->run()
#2 D:\Projects\Shared Resources\yii-1.1.14.f0fee9\framework\web\CController.php(1145): CAccessControlFilter->filter()
#3 D:\Projects\Shared Resources\yii-1.1.14.f0fee9\framework\web\filters\CInlineFilter.php(58): IncidentImageController->filterAccessControl()
#4 D:\Projects\Shared Resources\yii-1.1.14.f0fee9\framework\web\filters\CFilterChain.php(130): CInlineFilter->filter()
#5 D:\Projects\Shared Resources\yii-1.1.14.f0fee9\framework\web\CController.php(291): CFilterChain->run()
#6 D:\Projects\Shared Resources\yii-1.1.14.f0fee9\framework\web\CController.php(265): IncidentImageController->runActionWithFilters()
#7 D:\Projects\Shared Resources\yii-1.1.14.f0fee9\framework\web\CWebApplication.php(282): IncidentImageController->run()
#8 D:\Projects\Shared Resources\yii-1.1.14.f0fee9\framework\web\CWebApplication.php(141): CWebApplication->runController()
#9 D:\Projects\Shared Resources\yii-1.1.14.f0fee9\framework\base\CApplication.php(180): CWebApplication->processRequest()
#10 D:\Data Skripsi\Ervan\App\Service\index.php(13): CWebApplication->run()
REQUEST_URI=/svc_polisi/index.php/incidentimage/create
in D:\Data Skripsi\Ervan\App\Service\protected\controllers\IncidentImageController.php (70)
in D:\Data Skripsi\Ervan\App\Service\index.php (13)
2013/09/01 05:29:00 [error] [php] Undefined index: BinaryFile (D:\Data Skripsi\Ervan\App\Service\protected\controllers\IncidentImageController.php:70)
Stack trace:
#0 D:\Projects\Shared Resources\yii-1.1.14.f0fee9\framework\web\filters\CFilterChain.php(133): IncidentImageController->runAction()
#1 D:\Projects\Shared Resources\yii-1.1.14.f0fee9\framework\web\filters\CFilter.php(40): CFilterChain->run()
#2 D:\Projects\Shared Resources\yii-1.1.14.f0fee9\framework\web\CController.php(1145): CAccessControlFilter->filter()
#3 D:\Projects\Shared Resources\yii-1.1.14.f0fee9\framework\web\filters\CInlineFilter.php(58): IncidentImageController->filterAccessControl()
#4 D:\Projects\Shared Resources\yii-1.1.14.f0fee9\framework\web\filters\CFilterChain.php(130): CInlineFilter->filter()
#5 D:\Projects\Shared Resources\yii-1.1.14.f0fee9\framework\web\CController.php(291): CFilterChain->run()
#6 D:\Projects\Shared Resources\yii-1.1.14.f0fee9\framework\web\CController.php(265): IncidentImageController->runActionWithFilters()
#7 D:\Projects\Shared Resources\yii-1.1.14.f0fee9\framework\web\CWebApplication.php(282): IncidentImageController->run()
#8 D:\Projects\Shared Resources\yii-1.1.14.f0fee9\framework\web\CWebApplication.php(141): CWebApplication->runController()
#9 D:\Projects\Shared Resources\yii-1.1.14.f0fee9\framework\base\CApplication.php(180): CWebApplication->processRequest()
#10 D:\Data Skripsi\Ervan\App\Service\index.php(13): CWebApplication->run()
REQUEST_URI=/svc_polisi/index.php/incidentimage/create
in D:\Data Skripsi\Ervan\App\Service\protected\controllers\IncidentImageController.php (70)
in D:\Data Skripsi\Ervan\App\Service\index.php (13)
2013/09/01 05:29:58 [error] [php] Undefined index: BinaryFile (D:\Data Skripsi\Ervan\App\Service\protected\controllers\IncidentImageController.php:70)
Stack trace:
#0 D:\Projects\Shared Resources\yii-1.1.14.f0fee9\framework\web\filters\CFilterChain.php(133): IncidentImageController->runAction()
#1 D:\Projects\Shared Resources\yii-1.1.14.f0fee9\framework\web\filters\CFilter.php(40): CFilterChain->run()
#2 D:\Projects\Shared Resources\yii-1.1.14.f0fee9\framework\web\CController.php(1145): CAccessControlFilter->filter()
#3 D:\Projects\Shared Resources\yii-1.1.14.f0fee9\framework\web\filters\CInlineFilter.php(58): IncidentImageController->filterAccessControl()
#4 D:\Projects\Shared Resources\yii-1.1.14.f0fee9\framework\web\filters\CFilterChain.php(130): CInlineFilter->filter()
#5 D:\Projects\Shared Resources\yii-1.1.14.f0fee9\framework\web\CController.php(291): CFilterChain->run()
#6 D:\Projects\Shared Resources\yii-1.1.14.f0fee9\framework\web\CController.php(265): IncidentImageController->runActionWithFilters()
#7 D:\Projects\Shared Resources\yii-1.1.14.f0fee9\framework\web\CWebApplication.php(282): IncidentImageController->run()
#8 D:\Projects\Shared Resources\yii-1.1.14.f0fee9\framework\web\CWebApplication.php(141): CWebApplication->runController()
#9 D:\Projects\Shared Resources\yii-1.1.14.f0fee9\framework\base\CApplication.php(180): CWebApplication->processRequest()
#10 D:\Data Skripsi\Ervan\App\Service\index.php(13): CWebApplication->run()
REQUEST_URI=/svc_polisi/index.php/incidentimage/create
in D:\Data Skripsi\Ervan\App\Service\protected\controllers\IncidentImageController.php (70)
in D:\Data Skripsi\Ervan\App\Service\index.php (13)
2013/09/01 05:31:22 [error] [php] Undefined index: BinaryFile (D:\Data Skripsi\Ervan\App\Service\protected\controllers\IncidentImageController.php:70)
Stack trace:
#0 D:\Projects\Shared Resources\yii-1.1.14.f0fee9\framework\web\filters\CFilterChain.php(133): IncidentImageController->runAction()
#1 D:\Projects\Shared Resources\yii-1.1.14.f0fee9\framework\web\filters\CFilter.php(40): CFilterChain->run()
#2 D:\Projects\Shared Resources\yii-1.1.14.f0fee9\framework\web\CController.php(1145): CAccessControlFilter->filter()
#3 D:\Projects\Shared Resources\yii-1.1.14.f0fee9\framework\web\filters\CInlineFilter.php(58): IncidentImageController->filterAccessControl()
#4 D:\Projects\Shared Resources\yii-1.1.14.f0fee9\framework\web\filters\CFilterChain.php(130): CInlineFilter->filter()
#5 D:\Projects\Shared Resources\yii-1.1.14.f0fee9\framework\web\CController.php(291): CFilterChain->run()
#6 D:\Projects\Shared Resources\yii-1.1.14.f0fee9\framework\web\CController.php(265): IncidentImageController->runActionWithFilters()
#7 D:\Projects\Shared Resources\yii-1.1.14.f0fee9\framework\web\CWebApplication.php(282): IncidentImageController->run()
#8 D:\Projects\Shared Resources\yii-1.1.14.f0fee9\framework\web\CWebApplication.php(141): CWebApplication->runController()
#9 D:\Projects\Shared Resources\yii-1.1.14.f0fee9\framework\base\CApplication.php(180): CWebApplication->processRequest()
#10 D:\Data Skripsi\Ervan\App\Service\index.php(13): CWebApplication->run()
REQUEST_URI=/svc_polisi/index.php/incidentimage/create
in D:\Data Skripsi\Ervan\App\Service\protected\controllers\IncidentImageController.php (70)
in D:\Data Skripsi\Ervan\App\Service\index.php (13)
2013/09/01 05:33:46 [error] [php] Undefined index: BinaryFile (D:\Data Skripsi\Ervan\App\Service\protected\controllers\IncidentImageController.php:70)
Stack trace:
#0 D:\Projects\Shared Resources\yii-1.1.14.f0fee9\framework\web\filters\CFilterChain.php(133): IncidentImageController->runAction()
#1 D:\Projects\Shared Resources\yii-1.1.14.f0fee9\framework\web\filters\CFilter.php(40): CFilterChain->run()
#2 D:\Projects\Shared Resources\yii-1.1.14.f0fee9\framework\web\CController.php(1145): CAccessControlFilter->filter()
#3 D:\Projects\Shared Resources\yii-1.1.14.f0fee9\framework\web\filters\CInlineFilter.php(58): IncidentImageController->filterAccessControl()
#4 D:\Projects\Shared Resources\yii-1.1.14.f0fee9\framework\web\filters\CFilterChain.php(130): CInlineFilter->filter()
#5 D:\Projects\Shared Resources\yii-1.1.14.f0fee9\framework\web\CController.php(291): CFilterChain->run()
#6 D:\Projects\Shared Resources\yii-1.1.14.f0fee9\framework\web\CController.php(265): IncidentImageController->runActionWithFilters()
#7 D:\Projects\Shared Resources\yii-1.1.14.f0fee9\framework\web\CWebApplication.php(282): IncidentImageController->run()
#8 D:\Projects\Shared Resources\yii-1.1.14.f0fee9\framework\web\CWebApplication.php(141): CWebApplication->runController()
#9 D:\Projects\Shared Resources\yii-1.1.14.f0fee9\framework\base\CApplication.php(180): CWebApplication->processRequest()
#10 D:\Data Skripsi\Ervan\App\Service\index.php(13): CWebApplication->run()
REQUEST_URI=/svc_polisi/index.php/incidentimage/create
in D:\Data Skripsi\Ervan\App\Service\protected\controllers\IncidentImageController.php (70)
in D:\Data Skripsi\Ervan\App\Service\index.php (13)
2013/09/01 05:34:13 [error] [php] Undefined index: BinaryFile (D:\Data Skripsi\Ervan\App\Service\protected\controllers\IncidentImageController.php:70)
Stack trace:
#0 D:\Projects\Shared Resources\yii-1.1.14.f0fee9\framework\web\filters\CFilterChain.php(133): IncidentImageController->runAction()
#1 D:\Projects\Shared Resources\yii-1.1.14.f0fee9\framework\web\filters\CFilter.php(40): CFilterChain->run()
#2 D:\Projects\Shared Resources\yii-1.1.14.f0fee9\framework\web\CController.php(1145): CAccessControlFilter->filter()
#3 D:\Projects\Shared Resources\yii-1.1.14.f0fee9\framework\web\filters\CInlineFilter.php(58): IncidentImageController->filterAccessControl()
#4 D:\Projects\Shared Resources\yii-1.1.14.f0fee9\framework\web\filters\CFilterChain.php(130): CInlineFilter->filter()
#5 D:\Projects\Shared Resources\yii-1.1.14.f0fee9\framework\web\CController.php(291): CFilterChain->run()
#6 D:\Projects\Shared Resources\yii-1.1.14.f0fee9\framework\web\CController.php(265): IncidentImageController->runActionWithFilters()
#7 D:\Projects\Shared Resources\yii-1.1.14.f0fee9\framework\web\CWebApplication.php(282): IncidentImageController->run()
#8 D:\Projects\Shared Resources\yii-1.1.14.f0fee9\framework\web\CWebApplication.php(141): CWebApplication->runController()
#9 D:\Projects\Shared Resources\yii-1.1.14.f0fee9\framework\base\CApplication.php(180): CWebApplication->processRequest()
#10 D:\Data Skripsi\Ervan\App\Service\index.php(13): CWebApplication->run()
REQUEST_URI=/svc_polisi/index.php/incidentimage/create
in D:\Data Skripsi\Ervan\App\Service\protected\controllers\IncidentImageController.php (70)
in D:\Data Skripsi\Ervan\App\Service\index.php (13)
2013/09/01 05:43:42 [error] [php] move_uploaded_file(/uploads/kecelakaanlalulintas-c7da34e3-57a4-4d7e-b5e7-5fb86808d067.jpg): failed to open stream: No such file or directory (D:\Data Skripsi\Ervan\App\Service\protected\controllers\IncidentImageController.php:75)
Stack trace:
#0 D:\Projects\Shared Resources\yii-1.1.14.f0fee9\framework\web\CController.php(308): CInlineAction->runWithParams()
#1 D:\Projects\Shared Resources\yii-1.1.14.f0fee9\framework\web\filters\CFilterChain.php(133): IncidentImageController->runAction()
#2 D:\Projects\Shared Resources\yii-1.1.14.f0fee9\framework\web\filters\CFilter.php(40): CFilterChain->run()
#3 D:\Projects\Shared Resources\yii-1.1.14.f0fee9\framework\web\CController.php(1145): CAccessControlFilter->filter()
#4 D:\Projects\Shared Resources\yii-1.1.14.f0fee9\framework\web\filters\CInlineFilter.php(58): IncidentImageController->filterAccessControl()
#5 D:\Projects\Shared Resources\yii-1.1.14.f0fee9\framework\web\filters\CFilterChain.php(130): CInlineFilter->filter()
#6 D:\Projects\Shared Resources\yii-1.1.14.f0fee9\framework\web\CController.php(291): CFilterChain->run()
#7 D:\Projects\Shared Resources\yii-1.1.14.f0fee9\framework\web\CController.php(265): IncidentImageController->runActionWithFilters()
#8 D:\Projects\Shared Resources\yii-1.1.14.f0fee9\framework\web\CWebApplication.php(282): IncidentImageController->run()
#9 D:\Projects\Shared Resources\yii-1.1.14.f0fee9\framework\web\CWebApplication.php(141): CWebApplication->runController()
#10 D:\Projects\Shared Resources\yii-1.1.14.f0fee9\framework\base\CApplication.php(180): CWebApplication->processRequest()
#11 D:\Data Skripsi\Ervan\App\Service\index.php(13): CWebApplication->run()
REQUEST_URI=/svc_polisi/index.php/incidentimage/create
in D:\Data Skripsi\Ervan\App\Service\protected\controllers\IncidentImageController.php (75)
in D:\Data Skripsi\Ervan\App\Service\index.php (13)
2013/09/14 07:41:05 [error] [php] include(Incident.php): failed to open stream: No such file or directory (D:\Projects\Shared Resources\yii-1.1.14.f0fee9\framework\YiiBase.php:427)
Stack trace:
#0 D:\Data Skripsi\Riswan\Service\protected\controllers\SiteController.php(28): spl_autoload_call()
#1 D:\Projects\Shared Resources\yii-1.1.14.f0fee9\framework\web\actions\CInlineAction.php(49): SiteController->actionIndex()
#2 D:\Projects\Shared Resources\yii-1.1.14.f0fee9\framework\web\CController.php(308): CInlineAction->runWithParams()
#3 D:\Projects\Shared Resources\yii-1.1.14.f0fee9\framework\web\CController.php(286): SiteController->runAction()
#4 D:\Projects\Shared Resources\yii-1.1.14.f0fee9\framework\web\CController.php(265): SiteController->runActionWithFilters()
#5 D:\Projects\Shared Resources\yii-1.1.14.f0fee9\framework\web\CWebApplication.php(282): SiteController->run()
#6 D:\Projects\Shared Resources\yii-1.1.14.f0fee9\framework\web\CWebApplication.php(141): CWebApplication->runController()
#7 D:\Projects\Shared Resources\yii-1.1.14.f0fee9\framework\base\CApplication.php(180): CWebApplication->processRequest()
#8 D:\Data Skripsi\Riswan\Service\index.php(13): CWebApplication->run()
REQUEST_URI=/svc_rumahsewa/
in D:\Data Skripsi\Riswan\Service\protected\controllers\SiteController.php (28)
in D:\Data Skripsi\Riswan\Service\index.php (13)
2013/09/14 07:41:20 [error] [php] include(Incident.php): failed to open stream: No such file or directory (D:\Projects\Shared Resources\yii-1.1.14.f0fee9\framework\YiiBase.php:427)
Stack trace:
#0 D:\Data Skripsi\Riswan\Service\protected\controllers\SiteController.php(28): spl_autoload_call()
#1 D:\Projects\Shared Resources\yii-1.1.14.f0fee9\framework\web\actions\CInlineAction.php(49): SiteController->actionIndex()
#2 D:\Projects\Shared Resources\yii-1.1.14.f0fee9\framework\web\CController.php(308): CInlineAction->runWithParams()
#3 D:\Projects\Shared Resources\yii-1.1.14.f0fee9\framework\web\CController.php(286): SiteController->runAction()
#4 D:\Projects\Shared Resources\yii-1.1.14.f0fee9\framework\web\CController.php(265): SiteController->runActionWithFilters()
#5 D:\Projects\Shared Resources\yii-1.1.14.f0fee9\framework\web\CWebApplication.php(282): SiteController->run()
#6 D:\Projects\Shared Resources\yii-1.1.14.f0fee9\framework\web\CWebApplication.php(141): CWebApplication->runController()
#7 D:\Projects\Shared Resources\yii-1.1.14.f0fee9\framework\base\CApplication.php(180): CWebApplication->processRequest()
#8 D:\Data Skripsi\Riswan\Service\index.php(13): CWebApplication->run()
REQUEST_URI=/svc_rumahsewa/index.php?r=gii
in D:\Data Skripsi\Riswan\Service\protected\controllers\SiteController.php (28)
in D:\Data Skripsi\Riswan\Service\index.php (13)
2013/09/14 23:24:43 [error] [exception.CDbException] exception 'CDbException' with message 'CDbConnection failed to open the DB connection: SQLSTATE[HY000] [2002] No connection could be made because the target machine actively refused it.
' in D:\Projects\Shared Resources\yii-1.1.14.f0fee9\framework\db\CDbConnection.php:382
Stack trace:
#0 D:\Projects\Shared Resources\yii-1.1.14.f0fee9\framework\db\CDbConnection.php(330): CDbConnection->open()
#1 D:\Projects\Shared Resources\yii-1.1.14.f0fee9\framework\db\CDbConnection.php(308): CDbConnection->setActive(true)
#2 D:\Projects\Shared Resources\yii-1.1.14.f0fee9\framework\base\CModule.php(387): CDbConnection->init()
#3 D:\Projects\Shared Resources\yii-1.1.14.f0fee9\framework\base\CApplication.php(450): CModule->getComponent('db')
#4 D:\Projects\Shared Resources\yii-1.1.14.f0fee9\framework\db\ar\CActiveRecord.php(634): CApplication->getDb()
#5 D:\Projects\Shared Resources\yii-1.1.14.f0fee9\framework\db\ar\CActiveRecord.php(667): CActiveRecord->getDbConnection()
#6 D:\Projects\Shared Resources\yii-1.1.14.f0fee9\framework\db\ar\CActiveRecord.php(1469): CActiveRecord->getCommandBuilder()
#7 D:\Data Skripsi\Riswan\Service\protected\controllers\RumahSewaController.php(120): CActiveRecord->findAll()
#8 D:\Projects\Shared Resources\yii-1.1.14.f0fee9\framework\web\actions\CInlineAction.php(49): RumahsewaController->actionIndex()
#9 D:\Projects\Shared Resources\yii-1.1.14.f0fee9\framework\web\CController.php(308): CInlineAction->runWithParams(Array)
#10 D:\Projects\Shared Resources\yii-1.1.14.f0fee9\framework\web\filters\CFilterChain.php(133): CController->runAction(Object(CInlineAction))
#11 D:\Projects\Shared Resources\yii-1.1.14.f0fee9\framework\web\filters\CFilter.php(40): CFilterChain->run()
#12 D:\Projects\Shared Resources\yii-1.1.14.f0fee9\framework\web\CController.php(1145): CFilter->filter(Object(CFilterChain))
#13 D:\Projects\Shared Resources\yii-1.1.14.f0fee9\framework\web\filters\CInlineFilter.php(58): CController->filterAccessControl(Object(CFilterChain))
#14 D:\Projects\Shared Resources\yii-1.1.14.f0fee9\framework\web\filters\CFilterChain.php(130): CInlineFilter->filter(Object(CFilterChain))
#15 D:\Projects\Shared Resources\yii-1.1.14.f0fee9\framework\web\CController.php(291): CFilterChain->run()
#16 D:\Projects\Shared Resources\yii-1.1.14.f0fee9\framework\web\CController.php(265): CController->runActionWithFilters(Object(CInlineAction), Array)
#17 D:\Projects\Shared Resources\yii-1.1.14.f0fee9\framework\web\CWebApplication.php(282): CController->run('')
#18 D:\Projects\Shared Resources\yii-1.1.14.f0fee9\framework\web\CWebApplication.php(141): CWebApplication->runController('rumahsewa')
#19 D:\Projects\Shared Resources\yii-1.1.14.f0fee9\framework\base\CApplication.php(180): CWebApplication->processRequest()
#20 D:\Data Skripsi\Riswan\Service\index.php(13): CApplication->run()
#21 {main}
REQUEST_URI=/svc_rumahsewa/index.php/rumahsewa/
---
